# project  configured on Sat Sep 26 16:43:37 2015 by
# waf 1.7.11 (abi 98, python 2070af0 on linux2)
# using /opt/pebble/Pebble/waf configure
#
----------------------------------------
Setting top to
/home/asonix/git/pebbleanime
----------------------------------------
Setting out to
/home/asonix/git/pebbleanime/build
----------------------------------------
Found Pebble SDK for basalt in:
/opt/pebble/Pebble/basalt
----------------------------------------
Checking for program gcc,cc
arm-none-eabi-gcc
find program=['gcc', 'cc'] paths='' var='CC' -> 'arm-none-eabi-gcc'
----------------------------------------
Checking for program ar
arm-none-eabi-ar
find program=['ar'] paths='' var='AR' -> 'arm-none-eabi-ar'
----------------------------------------
Found Pebble SDK for aplite in:
/opt/pebble/Pebble/aplite
----------------------------------------
Checking for program gcc,cc
arm-none-eabi-gcc
find program=['gcc', 'cc'] paths='' var='CC' -> 'arm-none-eabi-gcc'
----------------------------------------
Checking for program ar
arm-none-eabi-ar
find program=['ar'] paths='' var='AR' -> 'arm-none-eabi-ar'
